  UnitTests.cpp
F:\Documents\Visual Studio 2019\projects\CText\Apps\UnitTests.cpp(1929,82): warning C4305: 'initializing': truncation from 'double' to '_Ty'
          with
          [
              _Ty=float
          ]
F:\Documents\Visual Studio 2019\projects\CText\CTEXT\CTextT.inl(2088,1): warning C4127: conditional expression is constant
F:\Documents\Visual Studio 2019\projects\CText\CTEXT\CTextT.inl(2086): message : while compiling class template member function 'void CTextT<wchar_t>::reduceToNumber(void)'
F:\Documents\Visual Studio 2019\projects\CText\Apps\UnitTests.cpp(1292): message : see reference to function template instantiation 'void CTextT<wchar_t>::reduceToNumber(void)' being compiled
F:\Documents\Visual Studio 2019\projects\CText\CTEXT\CTextT.inl(3578): message : see reference to class template instantiation 'CTextT<wchar_t>' being compiled
F:\Documents\Visual Studio 2019\projects\CText\CTEXT\CTextT.inl(2232,1): warning C4127: conditional expression is constant
F:\Documents\Visual Studio 2019\projects\CText\CTEXT\CTextT.inl(2229): message : while compiling class template member function 'CTextT<wchar_t> &CTextT<wchar_t>::toLower(void)'
F:\Documents\Visual Studio 2019\projects\CText\Apps\UnitTests.cpp(934): message : see reference to function template instantiation 'CTextT<wchar_t> &CTextT<wchar_t>::toLower(void)' being compiled
F:\Documents\Visual Studio 2019\projects\CText\CTEXT\CTextT.inl(2215,1): warning C4127: conditional expression is constant
F:\Documents\Visual Studio 2019\projects\CText\CTEXT\CTextT.inl(2212): message : while compiling class template member function 'CTextT<wchar_t> &CTextT<wchar_t>::toUpper(void)'
F:\Documents\Visual Studio 2019\projects\CText\Apps\UnitTests.cpp(932): message : see reference to function template instantiation 'CTextT<wchar_t> &CTextT<wchar_t>::toUpper(void)' being compiled
F:\Documents\Visual Studio 2019\projects\CText\CTEXT\CTextT.inl(3489,1): warning C4127: conditional expression is constant
F:\Documents\Visual Studio 2019\projects\CText\Apps\UnitTests.cpp(1784): message : see reference to function template instantiation 'bool CTextT<wchar_t>::fromBinary<int>(Num)' being compiled
          with
          [
              Num=int
          ]
F:\Documents\Visual Studio 2019\projects\CText\Apps\UnitTests.cpp(1784): message : see reference to function template instantiation 'bool CTextT<wchar_t>::fromBinary<int>(Num)' being compiled
          with
          [
              Num=int
          ]
F:\Documents\Visual Studio 2019\projects\CText\CTEXT\CTextT.inl(3491,1): warning C4127: conditional expression is constant
F:\Documents\Visual Studio 2019\projects\CText\CTEXT\CTextT.inl(3493,1): warning C4127: conditional expression is constant
F:\Documents\Visual Studio 2019\projects\CText\CTEXT\CTextT.inl(3495,1): warning C4127: conditional expression is constant
F:\Documents\Visual Studio 2019\projects\CText\CTEXT\CTextT.inl(2865,12): warning C4189: 'n': local variable is initialized but not referenced
F:\Documents\Visual Studio 2019\projects\CText\CTEXT\CTextT.inl(2860): message : while compiling class template member function 'size_t CTextT<wchar_t>::findWordPositions(CTextT<wchar_t>::RangeVector &,const T *) const'
          with
          [
              T=wchar_t
          ]
F:\Documents\Visual Studio 2019\projects\CText\CTEXT\CTextT.inl(4245): message : see reference to function template instantiation 'size_t CTextT<wchar_t>::findWordPositions(CTextT<wchar_t>::RangeVector &,const T *) const' being compiled
          with
          [
              T=wchar_t
          ]
F:\Documents\Visual Studio 2019\projects\CText\CTEXT\CTextT.inl(49): message : while compiling class template member function 'CTextT<wchar_t>::CTextT(std::initializer_list<const T *>)'
          with
          [
              T=wchar_t
          ]
F:\Documents\Visual Studio 2019\projects\CText\Apps\UnitTests.cpp(90): message : see reference to function template instantiation 'CTextT<wchar_t>::CTextT(std::initializer_list<const T *>)' being compiled
          with
          [
              T=wchar_t
          ]
F:\Documents\Visual Studio 2019\projects\CText\CTEXT\CTextT.inl(531,1): warning C4127: conditional expression is constant
F:\Documents\Visual Studio 2019\projects\CText\CTEXT\CTextT.inl(530): message : while compiling class template member function 'bool CTextT<wchar_t>::IsDigit(T)'
          with
          [
              T=wchar_t
          ]
F:\Documents\Visual Studio 2019\projects\CText\CTEXT\CTextT.inl(2102): message : see reference to function template instantiation 'bool CTextT<wchar_t>::IsDigit(T)' being compiled
          with
          [
              T=wchar_t
          ]
F:\Documents\Visual Studio 2019\projects\CText\CTEXT\CTextT.inl(517,1): warning C4127: conditional expression is constant
F:\Documents\Visual Studio 2019\projects\CText\CTEXT\CTextT.inl(516): message : while compiling class template member function 'T CTextT<T>::upper(T)'
          with
          [
              T=wchar_t
          ]
F:\Documents\Visual Studio 2019\projects\CText\CTEXT\CTextT.inl(2810): message : see reference to function template instantiation 'T CTextT<T>::upper(T)' being compiled
          with
          [
              T=wchar_t
          ]
C:\Program Files (x86)\Microsoft Visual Studio\2019\Community\VC\Tools\MSVC\14.27.29110\include\algorithm(2216,24): warning C4244: '=': conversion from 'int' to 'wchar_t', possible loss of data
F:\Documents\Visual Studio 2019\projects\CText\CTEXT\CTextT.inl(2234): message : see reference to function template instantiation '_OutIt std::transform<std::_String_iterator<std::_String_val<std::_Simple_types<_Elem>>>,std::_String_iterator<std::_String_val<std::_Simple_types<_Elem>>>,int(__cdecl *)(int)>(const _InIt,const _InIt,_OutIt,_Fn)' being compiled
          with
          [
              _OutIt=std::_String_iterator<std::_String_val<std::_Simple_types<wchar_t>>>,
              _Elem=wchar_t,
              _InIt=std::_String_iterator<std::_String_val<std::_Simple_types<wchar_t>>>,
              _Fn=int (__cdecl *)(int)
          ]
F:\Documents\Visual Studio 2019\projects\CText\CTEXT\CTextT.inl(2229): message : while compiling class template member function 'CTextT<wchar_t> &CTextT<wchar_t>::toLower(void)'
F:\Documents\Visual Studio 2019\projects\CText\Apps\UnitTests.cpp(934): message : see reference to function template instantiation 'CTextT<wchar_t> &CTextT<wchar_t>::toLower(void)' being compiled
F:\Documents\Visual Studio 2019\projects\CText\CTEXT\CTextT.inl(545,1): warning C4127: conditional expression is constant
F:\Documents\Visual Studio 2019\projects\CText\CTEXT\CTextT.inl(544): message : while compiling class template member function 'bool CTextT<wchar_t>::IsAlpha(T)'
          with
          [
              T=wchar_t
          ]
F:\Documents\Visual Studio 2019\projects\CText\CTEXT\CTextT.inl(2324): message : see reference to function template instantiation 'bool CTextT<wchar_t>::IsAlpha(T)' being compiled
          with
          [
              T=wchar_t
          ]
F:\Documents\Visual Studio 2019\projects\CText\CTEXT\CTextT.inl(30): message : while compiling class template member function 'CTextT<wchar_t>::CTextT(CTextT<wchar_t> &&)'
F:\Documents\Visual Studio 2019\projects\CText\CTEXT\CTextT.inl(1856): message : see reference to function template instantiation 'CTextT<wchar_t>::CTextT(CTextT<wchar_t> &&)' being compiled
F:\Documents\Visual Studio 2019\projects\CText\CTEXT\CTextT.inl(573,1): warning C4127: conditional expression is constant
F:\Documents\Visual Studio 2019\projects\CText\CTEXT\CTextT.inl(572): message : while compiling class template member function 'bool CTextT<wchar_t>::IsLower(T)'
          with
          [
              T=wchar_t
          ]
F:\Documents\Visual Studio 2019\projects\CText\CTEXT\CTextT.inl(2362): message : see reference to function template instantiation 'bool CTextT<wchar_t>::IsLower(T)' being compiled
          with
          [
              T=wchar_t
          ]
F:\Documents\Visual Studio 2019\projects\CText\CTEXT\CTextT.inl(601,1): warning C4127: conditional expression is constant
F:\Documents\Visual Studio 2019\projects\CText\CTEXT\CTextT.inl(600): message : while compiling class template member function 'bool CTextT<wchar_t>::IsUpper(T)'
          with
          [
              T=wchar_t
          ]
F:\Documents\Visual Studio 2019\projects\CText\CTEXT\CTextT.inl(2342): message : see reference to function template instantiation 'bool CTextT<wchar_t>::IsUpper(T)' being compiled
          with
          [
              T=wchar_t
          ]
F:\Documents\Visual Studio 2019\projects\CText\CTEXT\CTextT.inl(587,1): warning C4127: conditional expression is constant
F:\Documents\Visual Studio 2019\projects\CText\CTEXT\CTextT.inl(586): message : while compiling class template member function 'bool CTextT<wchar_t>::IsHex(T)'
          with
          [
              T=wchar_t
          ]
F:\Documents\Visual Studio 2019\projects\CText\CTEXT\CTextT.inl(2305): message : see reference to function template instantiation 'bool CTextT<wchar_t>::IsHex(T)' being compiled
          with
          [
              T=wchar_t
          ]
  CText.vcxproj -> F:\Documents\Visual Studio 2019\projects\CText\Apps\bin\UnitTests.exe
