C:\Program Files (x86)\Microsoft Visual Studio\2019\Community\MSBuild\Microsoft\VC\v160\Microsoft.CppBuild.targets(477,5): warning MSB8004: Output Directory does not end with a trailing slash.  This build instance will add the slash as it is required to allow proper evaluation of the Output Directory.
  CollectSentences.cpp
F:\Documents\Visual Studio 2019\projects\CText\CTEXT\CTextT.inl(3583,12): error C2760: syntax error: unexpected token 'identifier', expected ';'
F:\Documents\Visual Studio 2019\projects\CText\Apps\Demos\CollectSentences\CollectSentences.cpp(12,25): error C2679: binary '+=': no operator found which takes a right-hand operand of type 'const char *' (or there is no acceptable conversion)
F:\Documents\Visual Studio 2019\projects\CText\CTEXT\CTextT.h(102,19): message : could be 'const CTextT<wchar_t> &CTextT<wchar_t>::operator +=(T)'
          with
          [
              T=wchar_t
          ]
F:\Documents\Visual Studio 2019\projects\CText\CTEXT\CTextT.h(101,19): message : or       'const CTextT<wchar_t> &CTextT<wchar_t>::operator +=(const CTextT<wchar_t> &)'
F:\Documents\Visual Studio 2019\projects\CText\CTEXT\CTextT.h(100,19): message : or       'const CTextT<wchar_t> &CTextT<wchar_t>::operator +=(const T *)'
          with
          [
              T=wchar_t
          ]
F:\Documents\Visual Studio 2019\projects\CText\Apps\Demos\CollectSentences\CollectSentences.cpp(12,25): message : while trying to match the argument list '(CText, const char *)'
F:\Documents\Visual Studio 2019\projects\CText\Apps\Demos\CollectSentences\CollectSentences.cpp(13,27): error C2679: binary '+=': no operator found which takes a right-hand operand of type 'const char *' (or there is no acceptable conversion)
F:\Documents\Visual Studio 2019\projects\CText\CTEXT\CTextT.h(102,19): message : could be 'const CTextT<wchar_t> &CTextT<wchar_t>::operator +=(T)'
          with
          [
              T=wchar_t
          ]
F:\Documents\Visual Studio 2019\projects\CText\CTEXT\CTextT.h(101,19): message : or       'const CTextT<wchar_t> &CTextT<wchar_t>::operator +=(const CTextT<wchar_t> &)'
F:\Documents\Visual Studio 2019\projects\CText\CTEXT\CTextT.h(100,19): message : or       'const CTextT<wchar_t> &CTextT<wchar_t>::operator +=(const T *)'
          with
          [
              T=wchar_t
          ]
F:\Documents\Visual Studio 2019\projects\CText\Apps\Demos\CollectSentences\CollectSentences.cpp(13,27): message : while trying to match the argument list '(CText, const char *)'
F:\Documents\Visual Studio 2019\projects\CText\Apps\Demos\CollectSentences\CollectSentences.cpp(18,54): error C2280: 'CTextT<wchar_t>::operator bool(void) const': attempting to reference a deleted function
F:\Documents\Visual Studio 2019\projects\CText\CTEXT\CTextT.h(114): message : see declaration of 'CTextT<wchar_t>::operator bool'
F:\Documents\Visual Studio 2019\projects\CText\CTEXT\CTextT.h(114,5): message : 'CTextT<wchar_t>::operator bool(void) const': function was explicitly deleted
